

Microchip Technology PIC LITE Macro Assembler V1.33 build 59893 
                                                                                               Tue Dec 02 23:58:05 2014

Microchip Technology Omniscient Code Generator (Lite mode) build 59893
     1                           	processor	16F630
     2                           	opt	pw 120
     3                           	opt	lm
     4                           	psect	maintext,global,class=CODE,split=1,delta=2
     5                           	psect	cinit,global,class=CODE,merge=1,delta=2
     6                           	psect	cstackBANK0,global,class=BANK0,space=1,delta=1
     7                           	dabs	1,0x5E,2
     8  0000                     	;# 
     9  0001                     	;# 
    10  0002                     	;# 
    11  0003                     	;# 
    12  0004                     	;# 
    13  0005                     	;# 
    14  0007                     	;# 
    15  000A                     	;# 
    16  000B                     	;# 
    17  000C                     	;# 
    18  000E                     	;# 
    19  000E                     	;# 
    20  000F                     	;# 
    21  0010                     	;# 
    22  0019                     	;# 
    23  0081                     	;# 
    24  0085                     	;# 
    25  0087                     	;# 
    26  008C                     	;# 
    27  008E                     	;# 
    28  0090                     	;# 
    29  0095                     	;# 
    30  0095                     	;# 
    31  0096                     	;# 
    32  0096                     	;# 
    33  0099                     	;# 
    34  009A                     	;# 
    35  009A                     	;# 
    36  009B                     	;# 
    37  009C                     	;# 
    38  009D                     	;# 
    39  0007                     _PORTCbits	set	7
    40  0087                     _TRISC	set	135
    41                           
    42                           	psect	maintext
    43  03B2                     __pmaintext:	
    44                           ; #config settings
    45                           
    46                           
    47                           ;psect for function _main
    48  0000                     
    49 ;;
    50 ;;Main: autosize = 0, tempsize = 2, incstack = 0, save=0
    51 ;;
    52 ;; *************** function _main *****************
    53 ;; Defined at:
    54 ;;		line 14 in file "main.c"
    55 ;; Parameters:    Size  Location     Type
    56 ;;		None
    57 ;; Auto vars:     Size  Location     Type
    58 ;;  i               2    2[BANK0 ] int 
    59 ;;  k               2    0        int 
    60 ;;  j               2    0        int 
    61 ;; Return value:  Size  Location     Type
    62 ;;		None               void
    63 ;; Registers used:
    64 ;;		wreg, status,2, btemp+1
    65 ;; Tracked objects:
    66 ;;		On entry : 17F/0
    67 ;;		On exit  : 0/0
    68 ;;		Unchanged: 0/0
    69 ;; Data sizes:     COMMON   BANK0
    70 ;;      Params:         0       0
    71 ;;      Locals:         0       2
    72 ;;      Temps:          0       2
    73 ;;      Totals:         0       4
    74 ;;Total ram usage:        4 bytes
    75 ;; This function calls:
    76 ;;		Nothing
    77 ;; This function is called by:
    78 ;;		Startup code after reset
    79 ;; This function uses a non-reentrant model
    80 ;;
    81  03B2                     _main:	
    82                           
    83                           ;main.c: 16: TRISC = 0x00;
    84                           
    85                           ;incstack = 0
    86                           ; Regs used in _main: [wreg+status,2+btemp+1]
    87  03B2  1683               	bsf	3,5	;RP0=1, select bank1
    88  03B3  0187               	clrf	7	;volatile
    89                           
    90                           ;main.c: 17: int i, j, k;
    91                           ;main.c: 18: PORTCbits.RC0 = 0;
    92  03B4  1283               	bcf	3,5	;RP0=0, select bank0
    93  03B5  1007               	bcf	7,0	;volatile
    94                           
    95                           ;main.c: 19: PORTCbits.RC1 = 0;
    96  03B6  1087               	bcf	7,1	;volatile
    97  03B7                     L1:	
    98                           
    99                           ;main.c: 20: PORTCbits.RC2 = 0;
   100  03B7  1107               	bcf	7,2	;volatile
   101                           
   102                           ;main.c: 22: {
   103                           ;main.c: 24: for(i=0; i<=7; i++)
   104                           
   105                           ;main.c: 21: while (1)
   106  03B8  01A2               	clrf	main@i
   107  03B9  01A3               	clrf	main@i+1
   108  03BA  0823               	movf	main@i+1,w
   109  03BB  3A80               	xorlw	128
   110  03BC  00DF               	movwf	95
   111  03BD  3080               	movlw	128
   112  03BE  025F               	subwf	95,w
   113  03BF  1D03               	skipz
   114  03C0  2BC3               	goto	u55
   115  03C1  3008               	movlw	8
   116  03C2  0222               	subwf	main@i,w
   117  03C3                     u55:	
   118  03C3  1803               	btfsc	3,0
   119  03C4  2BF0               	goto	l11
   120  03C5                     l10:	
   121                           
   122                           ;main.c: 25: {
   123                           ;main.c: 26: PORTCbits.RC0 = 0;
   124  03C5  1283               	bcf	3,5	;RP0=0, select bank0
   125  03C6  1007               	bcf	7,0	;volatile
   126                           
   127                           ;main.c: 27: if(i==1 || i==2)PORTCbits.RC1 = 1;
   128  03C7  3001               	movlw	1
   129  03C8  0622               	xorwf	main@i,w
   130  03C9  0423               	iorwf	main@i+1,w
   131  03CA  1903               	skipnz
   132  03CB  2BD1               	goto	l14
   133  03CC  3002               	movlw	2
   134  03CD  0622               	xorwf	main@i,w
   135  03CE  0423               	iorwf	main@i+1,w
   136  03CF  1D03               	skipz
   137  03D0  2BD3               	goto	l12
   138  03D1                     l14:	
   139  03D1  1487               	bsf	7,1	;volatile
   140  03D2  2BD4               	goto	l517
   141  03D3                     l12:	
   142                           
   143                           ;main.c: 28: else PORTCbits.RC1 = 0;
   144  03D3  1087               	bcf	7,1	;volatile
   145  03D4                     l517:	
   146                           
   147                           ;main.c: 29: _delay((unsigned long)((10)*(20000000/4000.0)));
   148  03D4  3041               	movlw	65
   149  03D5  00A1               	movwf	??_main+1
   150  03D6  30EE               	movlw	238
   151  03D7  00A0               	movwf	??_main
   152  03D8                     u97:	
   153  03D8  0BA0               	decfsz	??_main,f
   154  03D9  2BD8               	goto	u97
   155  03DA  0BA1               	decfsz	??_main+1,f
   156  03DB  2BD8               	goto	u97
   157  03DC  0000               	nop
   158                           
   159                           ;main.c: 30: PORTCbits.RC0 = 1;
   160  03DD  1283               	bcf	3,5	;RP0=0, select bank0
   161  03DE  1407               	bsf	7,0	;volatile
   162  03DF  3001               	movlw	1
   163  03E0  07A2               	addwf	main@i,f
   164  03E1  1803               	skipnc
   165  03E2  0AA3               	incf	main@i+1,f
   166  03E3  3000               	movlw	0
   167  03E4  07A3               	addwf	main@i+1,f
   168  03E5  0823               	movf	main@i+1,w
   169  03E6  3A80               	xorlw	128
   170  03E7  00DF               	movwf	95
   171  03E8  3080               	movlw	128
   172  03E9  025F               	subwf	95,w
   173  03EA  1D03               	skipz
   174  03EB  2BEE               	goto	u85
   175  03EC  3008               	movlw	8
   176  03ED  0222               	subwf	main@i,w
   177  03EE                     u85:	
   178  03EE  1C03               	skipc
   179  03EF  2BC5               	goto	l10
   180  03F0                     l11:	
   181                           
   182                           ;main.c: 31: }
   183                           ;main.c: 32: PORTCbits.RC2 = 1;
   184  03F0  1283               	bcf	3,5	;RP0=0, select bank0
   185  03F1  1507               	bsf	7,2	;volatile
   186                           
   187                           ;main.c: 33: _delay((unsigned long)((10)*(20000000/4000.0)));
   188  03F2  3041               	movlw	65
   189  03F3  00A1               	movwf	??_main+1
   190  03F4  30EE               	movlw	238
   191  03F5  00A0               	movwf	??_main
   192  03F6                     u107:	
   193  03F6  0BA0               	decfsz	??_main,f
   194  03F7  2BF6               	goto	u107
   195  03F8  0BA1               	decfsz	??_main+1,f
   196  03F9  2BF6               	goto	u107
   197  03FA  0000               	nop
   198                           
   199                           ;main.c: 34: PORTCbits.RC2 = 0;
   200  03FB  1283               	bcf	3,5	;RP0=0, select bank0
   201  03FC  2BB7               	goto	L1
   202  03FD                     __end_of_main:	
   203  005E                     btemp	set	94	;btemp
   204  005E                     wtemp	set	94
   205  005E                     wtemp0	set	94
   206  0060                     wtemp1	set	96
   207  0062                     wtemp2	set	98
   208  0064                     wtemp3	set	100
   209  0066                     wtemp4	set	102
   210  0068                     wtemp5	set	104
   211  005F                     wtemp6	set	95
   212  005E                     ttemp	set	94
   213  005E                     ttemp0	set	94
   214  0061                     ttemp1	set	97
   215  0064                     ttemp2	set	100
   216  0067                     ttemp3	set	103
   217  005F                     ttemp4	set	95
   218  005E                     ltemp	set	94
   219  005E                     ltemp0	set	94
   220  0062                     ltemp1	set	98
   221  0066                     ltemp2	set	102
   222  0060                     ltemp3	set	96
   223                           
   224                           	psect	cinit
   225  03FD                     start_initialization:	
   226  03FD                     __initialization:	
   227  03FD                     end_of_initialization:	
   228                           ;End of C runtime variable initialization code
   229                           
   230  03FD                     __end_of__initialization:	
   231  03FD  0183               	clrf	3
   232  03FE  2BB2               	ljmp	_main	;jump to C main() function
   233                           
   234                           	psect	cstackBANK0
   235  0020                     __pcstackBANK0:	
   236  0020                     ?_main:	
   237  0020                     ??_main:	
   238                           ; 0 bytes @ 0x0
   239                           
   240                           
   241                           ; 0 bytes @ 0x0
   242  0020                     	ds	2
   243  0022                     main@i:	
   244                           
   245                           ; 2 bytes @ 0x2
   246  0022                     	ds	2


Data Sizes:
    Strings     0
    Constant    0
    Data        0
    BSS         0
    Persistent  0
    Stack       0

Auto Spaces:
    Space          Size  Autos    Used
    COMMON            0      0       0
    BANK0            62      4       4

Pointer List with Targets:

    None.

Critical Paths under _main in COMMON

    None.

Critical Paths under _main in BANK0

    None.

Call Graph Tables:

 ---------------------------------------------------------------------------------
 (Depth) Function   	        Calls       Base Space   Used Autos Params    Refs
 ---------------------------------------------------------------------------------
 (0) _main                                                 8     8      0      90
                                              0 BANK0      4     4      0
 ---------------------------------------------------------------------------------
 Estimated maximum stack depth 0
 ---------------------------------------------------------------------------------

 Call Graph Graphs:

 _main (ROOT)

 Address spaces:
Name               Size   Autos  Total    Cost      Usage
BITCOMMON            0      0       0       0        0.0%
EEDATA              80      0       0       0        0.0%
NULL                 0      0       0       0        0.0%
CODE                 0      0       0       0        0.0%
BITSFR0              0      0       0       1        0.0%
SFR0                 0      0       0       1        0.0%
COMMON               0      0       0       1        0.0%
BITSFR1              0      0       0       2        0.0%
SFR1                 0      0       0       2        0.0%
STACK                0      0       0       2        0.0%
BITBANK0            3E      0       0       3        0.0%
BANK0               3E      4       4       4        6.5%
ABS                  0      0       0       5        0.0%
DATA                 0      0       0       6        0.0%


Microchip Technology PIC Macro Assembler V1.33 build 59893 
Symbol Table                                                                                   Tue Dec 02 23:58:05 2014

            __CFG_CP$OFF 0000                       l10 03C5                       l11 03F0  
                     l12 03D3                       l14 03D1                       u55 03C3  
                     u85 03EE                       u97 03D8                      l517 03D4  
                    u107 03F6             __CFG_CPD$OFF 0000             __CFG_FOSC$HS 0000  
                   _main 03B2                     btemp 005E                     ltemp 005E  
                   start 0000                     ttemp 005E                     wtemp 005E  
          __CFG_MCLRE$ON 0000                    ?_main 0020            __CFG_WDTE$OFF 0000  
                  _TRISC 0087                    main@i 0022           __CFG_BOREN$OFF 0000  
                  ltemp0 005E                    ltemp1 0062                    ltemp2 0066  
                  ltemp3 0060                    ttemp0 005E                    ttemp1 0061  
                  ttemp2 0064                    ttemp3 0067                    ttemp4 005F  
                  status 0003                    wtemp0 005E                    wtemp1 0060  
                  wtemp2 0062                    wtemp3 0064                    wtemp4 0066  
                  wtemp5 0068                    wtemp6 005F          __initialization 03FD  
           __end_of_main 03FD                   ??_main 0020           __CFG_PWRTE$OFF 0000  
__end_of__initialization 03FD               __pmaintext 03B2     end_of_initialization 03FD  
              _PORTCbits 0007      start_initialization 03FD                ___latbits 0000  
          __pcstackBANK0 0020            __size_of_main 004B  
